<?xml version="1.0" encoding="UTF-8"?>
<testsuite name="com.example.reactive.springbootreactive.SpringBootReactiveApplicationTests" tests="1" skipped="0" failures="0" errors="0" timestamp="2022-11-04T16:18:29" hostname="ip-192-168-20-44.us-east-2.compute.internal" time="0.319">
  <properties/>
  <testcase name="contextLoads()" classname="com.example.reactive.springbootreactive.SpringBootReactiveApplicationTests" time="0.319"/>
  <system-out><![CDATA[11:18:27.158 [Test worker] DEBUG org.springframework.test.context.BootstrapUtils - Instantiating CacheAwareContextLoaderDelegate from class [org.springframework.test.context.cache.DefaultCacheAwareContextLoaderDelegate]
11:18:27.170 [Test worker] DEBUG org.springframework.test.context.BootstrapUtils - Instantiating BootstrapContext using constructor [public org.springframework.test.context.support.DefaultBootstrapContext(java.lang.Class,org.springframework.test.context.CacheAwareContextLoaderDelegate)]
11:18:27.204 [Test worker] DEBUG org.springframework.test.context.BootstrapUtils - Instantiating TestContextBootstrapper for test class [com.example.reactive.springbootreactive.SpringBootReactiveApplicationTests] from class [org.springframework.boot.test.context.SpringBootTestContextBootstrapper]
11:18:27.217 [Test worker] INFO org.springframework.boot.test.context.SpringBootTestContextBootstrapper - Neither @ContextConfiguration nor @ContextHierarchy found for test class [com.example.reactive.springbootreactive.SpringBootReactiveApplicationTests], using SpringBootContextLoader
11:18:27.220 [Test worker] DEBUG org.springframework.test.context.support.AbstractContextLoader - Did not detect default resource location for test class [com.example.reactive.springbootreactive.SpringBootReactiveApplicationTests]: class path resource [com/example/reactive/springbootreactive/SpringBootReactiveApplicationTests-context.xml] does not exist
11:18:27.221 [Test worker] DEBUG org.springframework.test.context.support.AbstractContextLoader - Did not detect default resource location for test class [com.example.reactive.springbootreactive.SpringBootReactiveApplicationTests]: class path resource [com/example/reactive/springbootreactive/SpringBootReactiveApplicationTestsContext.groovy] does not exist
11:18:27.221 [Test worker] INFO org.springframework.test.context.support.AbstractContextLoader - Could not detect default resource locations for test class [com.example.reactive.springbootreactive.SpringBootReactiveApplicationTests]: no resource found for suffixes {-context.xml, Context.groovy}.
11:18:27.222 [Test worker] INFO org.springframework.test.context.support.AnnotationConfigContextLoaderUtils - Could not detect default configuration classes for test class [com.example.reactive.springbootreactive.SpringBootReactiveApplicationTests]: SpringBootReactiveApplicationTests does not declare any static, non-private, non-final, nested classes annotated with @Configuration.
11:18:27.264 [Test worker] DEBUG org.springframework.test.context.support.ActiveProfilesUtils - Could not find an 'annotation declaring class' for annotation type [org.springframework.test.context.ActiveProfiles] and class [com.example.reactive.springbootreactive.SpringBootReactiveApplicationTests]
11:18:27.331 [Test worker] DEBUG org.springframework.context.annotation.ClassPathScanningCandidateComponentProvider - Identified candidate component class: file [/Users/ramiro.villaveces/Documents/GitHub/spring-boot-reactive/build/classes/java/main/com/example/reactive/springbootreactive/SpringBootReactiveApplication.class]
11:18:27.333 [Test worker] INFO org.springframework.boot.test.context.SpringBootTestContextBootstrapper - Found @SpringBootConfiguration com.example.reactive.springbootreactive.SpringBootReactiveApplication for test class com.example.reactive.springbootreactive.SpringBootReactiveApplicationTests
11:18:27.432 [Test worker] DEBUG org.springframework.boot.test.context.SpringBootTestContextBootstrapper - @TestExecutionListeners is not present for class [com.example.reactive.springbootreactive.SpringBootReactiveApplicationTests]: using defaults.
11:18:27.433 [Test worker] INFO org.springframework.boot.test.context.SpringBootTestContextBootstrapper - Loaded default TestExecutionListener class names from location [META-INF/spring.factories]: [org.springframework.boot.test.autoconfigure.restdocs.RestDocsTestExecutionListener, org.springframework.boot.test.autoconfigure.web.client.MockRestServiceServerResetTestExecutionListener, org.springframework.boot.test.autoconfigure.web.servlet.MockMvcPrintOnlyOnFailureTestExecutionListener, org.springframework.boot.test.autoconfigure.web.servlet.WebDriverTestExecutionListener, org.springframework.boot.test.autoconfigure.webservices.client.MockWebServiceServerTestExecutionListener, org.springframework.boot.test.mock.mockito.MockitoTestExecutionListener, org.springframework.boot.test.mock.mockito.ResetMocksTestExecutionListener, org.springframework.test.context.web.ServletTestExecutionListener, org.springframework.test.context.support.DirtiesContextBeforeModesTestExecutionListener, org.springframework.test.context.event.ApplicationEventsTestExecutionListener, org.springframework.test.context.support.DependencyInjectionTestExecutionListener, org.springframework.test.context.support.DirtiesContextTestExecutionListener, org.springframework.test.context.transaction.TransactionalTestExecutionListener, org.springframework.test.context.jdbc.SqlScriptsTestExecutionListener, org.springframework.test.context.event.EventPublishingTestExecutionListener]
11:18:27.443 [Test worker] DEBUG org.springframework.boot.test.context.SpringBootTestContextBootstrapper - Skipping candidate TestExecutionListener [org.springframework.test.context.web.ServletTestExecutionListener] due to a missing dependency. Specify custom listener classes or make the default listener classes and their required dependencies available. Offending class: [javax/servlet/ServletContext]
11:18:27.445 [Test worker] DEBUG org.springframework.boot.test.context.SpringBootTestContextBootstrapper - Skipping candidate TestExecutionListener [org.springframework.test.context.transaction.TransactionalTestExecutionListener] due to a missing dependency. Specify custom listener classes or make the default listener classes and their required dependencies available. Offending class: [org/springframework/transaction/TransactionDefinition]
11:18:27.446 [Test worker] DEBUG org.springframework.boot.test.context.SpringBootTestContextBootstrapper - Skipping candidate TestExecutionListener [org.springframework.test.context.jdbc.SqlScriptsTestExecutionListener] due to a missing dependency. Specify custom listener classes or make the default listener classes and their required dependencies available. Offending class: [org/springframework/transaction/interceptor/TransactionAttribute]
11:18:27.446 [Test worker] INFO org.springframework.boot.test.context.SpringBootTestContextBootstrapper - Using TestExecutionListeners: [org.springframework.test.context.support.DirtiesContextBeforeModesTestExecutionListener@bc57b40, org.springframework.test.context.event.ApplicationEventsTestExecutionListener@1b5bc39d, org.springframework.boot.test.mock.mockito.MockitoTestExecutionListener@655a5d9c, org.springframework.boot.test.autoconfigure.SpringBootDependencyInjectionTestExecutionListener@1494b84d, org.springframework.test.context.support.DirtiesContextTestExecutionListener@34abdee4, org.springframework.test.context.event.EventPublishingTestExecutionListener@71a9b4c7, org.springframework.boot.test.autoconfigure.restdocs.RestDocsTestExecutionListener@4628b1d3, org.springframework.boot.test.autoconfigure.web.client.MockRestServiceServerResetTestExecutionListener@77cf3f8b, org.springframework.boot.test.autoconfigure.web.servlet.MockMvcPrintOnlyOnFailureTestExecutionListener@1df98368, org.springframework.boot.test.autoconfigure.web.servlet.WebDriverTestExecutionListener@21ca139c, org.springframework.boot.test.autoconfigure.webservices.client.MockWebServiceServerTestExecutionListener@226f885f, org.springframework.boot.test.mock.mockito.ResetMocksTestExecutionListener@2cd2c8fe]
11:18:27.450 [Test worker] DEBUG org.springframework.test.context.support.AbstractDirtiesContextTestExecutionListener - Before test class: context [DefaultTestContext@2c5d601e testClass = SpringBootReactiveApplicationTests, testInstance = [null], testMethod = [null], testException = [null], mergedContextConfiguration = [MergedContextConfiguration@7fe083b1 testClass = SpringBootReactiveApplicationTests, locations = '{}', classes = '{class com.example.reactive.springbootreactive.SpringBootReactiveApplication}', contextInitializerClasses = '[]', activeProfiles = '{}', propertySourceLocations = '{}', propertySourceProperties = '{org.springframework.boot.test.context.SpringBootTestContextBootstrapper=true}', contextCustomizers = set[org.springframework.boot.test.autoconfigure.actuate.metrics.MetricsExportContextCustomizerFactory$DisableMetricExportContextCustomizer@640f11a1, org.springframework.boot.test.autoconfigure.properties.PropertyMappingContextCustomizer@0, org.springframework.boot.test.autoconfigure.web.servlet.WebDriverContextCustomizerFactory$Customizer@6c25e6c4, org.springframework.boot.test.context.filter.ExcludeFilterContextCustomizer@70efb718, org.springframework.boot.test.json.DuplicateJsonObjectContextCustomizerFactory$DuplicateJsonObjectContextCustomizer@4e70a728, org.springframework.boot.test.mock.mockito.MockitoContextCustomizer@0, org.springframework.boot.test.web.client.TestRestTemplateContextCustomizer@3e14c16d, org.springframework.boot.test.context.SpringBootTestArgs@1, org.springframework.boot.test.context.SpringBootTestWebEnvironment@6cd24612], contextLoader = 'org.springframework.boot.test.context.SpringBootContextLoader', parent = [null]], attributes = map[[empty]]], class annotated with @DirtiesContext [false] with mode [null].
11:18:27.463 [Test worker] DEBUG org.springframework.test.context.support.DependencyInjectionTestExecutionListener - Performing dependency injection for test context [[DefaultTestContext@2c5d601e testClass = SpringBootReactiveApplicationTests, testInstance = com.example.reactive.springbootreactive.SpringBootReactiveApplicationTests@324c64cd, testMethod = [null], testException = [null], mergedContextConfiguration = [MergedContextConfiguration@7fe083b1 testClass = SpringBootReactiveApplicationTests, locations = '{}', classes = '{class com.example.reactive.springbootreactive.SpringBootReactiveApplication}', contextInitializerClasses = '[]', activeProfiles = '{}', propertySourceLocations = '{}', propertySourceProperties = '{org.springframework.boot.test.context.SpringBootTestContextBootstrapper=true}', contextCustomizers = set[org.springframework.boot.test.autoconfigure.actuate.metrics.MetricsExportContextCustomizerFactory$DisableMetricExportContextCustomizer@640f11a1, org.springframework.boot.test.autoconfigure.properties.PropertyMappingContextCustomizer@0, org.springframework.boot.test.autoconfigure.web.servlet.WebDriverContextCustomizerFactory$Customizer@6c25e6c4, org.springframework.boot.test.context.filter.ExcludeFilterContextCustomizer@70efb718, org.springframework.boot.test.json.DuplicateJsonObjectContextCustomizerFactory$DuplicateJsonObjectContextCustomizer@4e70a728, org.springframework.boot.test.mock.mockito.MockitoContextCustomizer@0, org.springframework.boot.test.web.client.TestRestTemplateContextCustomizer@3e14c16d, org.springframework.boot.test.context.SpringBootTestArgs@1, org.springframework.boot.test.context.SpringBootTestWebEnvironment@6cd24612], contextLoader = 'org.springframework.boot.test.context.SpringBootContextLoader', parent = [null]], attributes = map['org.springframework.test.context.event.ApplicationEventsTestExecutionListener.recordApplicationEvents' -> false]]].

  .   ____          _            __ _ _
 /\\ / ___'_ __ _ _(_)_ __  __ _ \ \ \ \
( ( )\___ | '_ | '_| | '_ \/ _` | \ \ \ \
 \\/  ___)| |_)| | | | | || (_| |  ) ) ) )
  '  |____| .__|_| |_|_| |_\__, | / / / /
 =========|_|==============|___/=/_/_/_/
 :: Spring Boot ::                (v2.7.5)

2022-11-04 11:18:28.900  INFO 4812 --- [    Test worker] e.r.s.SpringBootReactiveApplicationTests : Starting SpringBootReactiveApplicationTests using Java 11.0.17 on ip-192-168-20-44.us-east-2.compute.internal with PID 4812 (started by ramiro.villaveces in /Users/ramiro.villaveces/Documents/GitHub/spring-boot-reactive)
2022-11-04 11:18:28.901  INFO 4812 --- [    Test worker] e.r.s.SpringBootReactiveApplicationTests : No active profile set, falling back to 1 default profile: "default"
2022-11-04 11:18:29.362  INFO 4812 --- [    Test worker] e.r.s.SpringBootReactiveApplicationTests : Started SpringBootReactiveApplicationTests in 1.858 seconds (JVM running for 3.173)
wilson
2022-11-04 11:18:29.469  INFO 4812 --- [    Test worker] c.e.r.s.SpringBootReactiveApplication    : WILSON
ramiro
2022-11-04 11:18:29.469  INFO 4812 --- [    Test worker] c.e.r.s.SpringBootReactiveApplication    : RAMIRO
natalia
2022-11-04 11:18:29.469  INFO 4812 --- [    Test worker] c.e.r.s.SpringBootReactiveApplication    : NATALIA
carlos
2022-11-04 11:18:29.469  INFO 4812 --- [    Test worker] c.e.r.s.SpringBootReactiveApplication    : CARLOS
william
2022-11-04 11:18:29.469  INFO 4812 --- [    Test worker] c.e.r.s.SpringBootReactiveApplication    : WILLIAM
bruce
2022-11-04 11:18:29.469  INFO 4812 --- [    Test worker] c.e.r.s.SpringBootReactiveApplication    : BRUCE
bruce
2022-11-04 11:18:29.470  INFO 4812 --- [    Test worker] c.e.r.s.SpringBootReactiveApplication    : BRUCE
2022-11-04 11:18:29.470  INFO 4812 --- [    Test worker] c.e.r.s.SpringBootReactiveApplication    : ha finalizado !!
]]></system-out>
  <system-err><![CDATA[]]></system-err>
</testsuite>
